[debug] [2024-09-11T18:48:32.277Z] ----------------------------------------------------------------------
[debug] [2024-09-11T18:48:32.280Z] Command:       C:\Program Files\nodejs\node.exe C:\Users\Aadi\AppData\Roaming\npm\node_modules\firebase-tools\lib\bin\firebase.js init
[debug] [2024-09-11T18:48:32.281Z] CLI Version:   13.13.3
[debug] [2024-09-11T18:48:32.281Z] Platform:      win32
[debug] [2024-09-11T18:48:32.281Z] Node Version:  v20.14.0
[debug] [2024-09-11T18:48:32.281Z] Time:          Thu Sep 12 2024 00:18:32 GMT+0530 (India Standard Time)
[debug] [2024-09-11T18:48:32.282Z] ----------------------------------------------------------------------
[debug] 
[debug] [2024-09-11T18:48:32.286Z] >>> [apiv2][query] GET https://firebase-public.firebaseio.com/cli.json [none]
[debug] [2024-09-11T18:48:32.348Z] > command requires scopes: ["email","openid","https://www.googleapis.com/auth/cloudplatformprojects.readonly","https://www.googleapis.com/auth/firebase","https://www.googleapis.com/auth/cloud-platform"]
[debug] [2024-09-11T18:48:32.349Z] > authorizing via signed-in user (anadi.mpvm@gmail.com)
[info] 
     ######## #### ########  ######## ########     ###     ######  ########
     ##        ##  ##     ## ##       ##     ##  ##   ##  ##       ##
     ######    ##  ########  ######   ########  #########  ######  ######
     ##        ##  ##    ##  ##       ##     ## ##     ##       ## ##
     ##       #### ##     ## ######## ########  ##     ##  ######  ########

You're about to initialize a Firebase project in this directory:

  D:\Internship\CrossBee\CrossBee

[debug] [2024-09-11T18:48:33.356Z] <<< [apiv2][status] GET https://firebase-public.firebaseio.com/cli.json 200
[debug] [2024-09-11T18:48:33.356Z] <<< [apiv2][body] GET https://firebase-public.firebaseio.com/cli.json {"cloudBuildErrorAfter":1594252800000,"cloudBuildWarnAfter":1590019200000,"defaultNode10After":1594252800000,"minVersion":"3.0.5","node8DeploysDisabledAfter":1613390400000,"node8RuntimeDisabledAfter":1615809600000,"node8WarnAfter":1600128000000}
[info] 
=== Project Setup
[info] 
[info] First, let's associate this project directory with a Firebase project.
[info] You can create multiple project aliases by running firebase use --add, 
[info] but for now we'll just set up a default project.
[info] 
[debug] [2024-09-11T18:49:22.742Z] > refreshing access token with scopes: []
[debug] [2024-09-11T18:49:22.744Z] >>> [apiv2][query] POST https://www.googleapis.com/oauth2/v3/token [none]
[debug] [2024-09-11T18:49:22.744Z] >>> [apiv2][body] POST https://www.googleapis.com/oauth2/v3/token [omitted]
[debug] [2024-09-11T18:49:23.111Z] <<< [apiv2][status] POST https://www.googleapis.com/oauth2/v3/token 200
[debug] [2024-09-11T18:49:23.111Z] <<< [apiv2][body] POST https://www.googleapis.com/oauth2/v3/token [omitted]
[debug] [2024-09-11T18:49:23.121Z] >>> [apiv2][query] GET https://firebase.googleapis.com/v1beta1/projects pageSize=100
[debug] [2024-09-11T18:49:24.102Z] <<< [apiv2][status] GET https://firebase.googleapis.com/v1beta1/projects 200
[debug] [2024-09-11T18:49:24.102Z] <<< [apiv2][body] GET https://firebase.googleapis.com/v1beta1/projects [omitted]
[debug] [2024-09-11T18:50:26.299Z] ----------------------------------------------------------------------
[debug] [2024-09-11T18:50:26.302Z] Command:       C:\Program Files\nodejs\node.exe C:\Users\Aadi\AppData\Roaming\npm\node_modules\firebase-tools\lib\bin\firebase.js init
[debug] [2024-09-11T18:50:26.303Z] CLI Version:   13.13.3
[debug] [2024-09-11T18:50:26.303Z] Platform:      win32
[debug] [2024-09-11T18:50:26.303Z] Node Version:  v20.14.0
[debug] [2024-09-11T18:50:26.303Z] Time:          Thu Sep 12 2024 00:20:26 GMT+0530 (India Standard Time)
[debug] [2024-09-11T18:50:26.303Z] ----------------------------------------------------------------------
[debug] 
[debug] [2024-09-11T18:50:26.313Z] > command requires scopes: ["email","openid","https://www.googleapis.com/auth/cloudplatformprojects.readonly","https://www.googleapis.com/auth/firebase","https://www.googleapis.com/auth/cloud-platform"]
[debug] [2024-09-11T18:50:26.314Z] > authorizing via signed-in user (anadi.mpvm@gmail.com)
[info] 
     ######## #### ########  ######## ########     ###     ######  ########
     ##        ##  ##     ## ##       ##     ##  ##   ##  ##       ##
     ######    ##  ########  ######   ########  #########  ######  ######
     ##        ##  ##    ##  ##       ##     ## ##     ##       ## ##
     ##       #### ##     ## ######## ########  ##     ##  ######  ########

You're about to initialize a Firebase project in this directory:

  D:\Internship\CrossBee\CrossBee

[info] 
=== Project Setup
[info] 
[info] First, let's associate this project directory with a Firebase project.
[info] You can create multiple project aliases by running firebase use --add, 
[info] but for now we'll just set up a default project.
[info] 
[debug] [2024-09-11T18:51:04.060Z] >>> [apiv2][query] GET https://firebase.googleapis.com/v1beta1/availableProjects pageSize=100
[debug] [2024-09-11T18:51:05.264Z] <<< [apiv2][status] GET https://firebase.googleapis.com/v1beta1/availableProjects 200
[debug] [2024-09-11T18:51:05.265Z] <<< [apiv2][body] GET https://firebase.googleapis.com/v1beta1/availableProjects [omitted]
